Log file open, 01/25/19 07:11:12
LogWindows: Failed to load 'aqProf.dll' (GetLastError=126)
LogWindows: File 'aqProf.dll' does not exist
LogWindows: Failed to load 'VtuneApi.dll' (GetLastError=126)
LogWindows: File 'VtuneApi.dll' does not exist
LogWindows: Failed to load 'VtuneApi32e.dll' (GetLastError=126)
LogWindows: File 'VtuneApi32e.dll' does not exist
LogConsoleResponse: Display: Failed to find resolution value strings in scalability ini. Falling back to default.
LogInit: Display: Running engine for game: TwistedMario
LogPakFile: Registered encryption key '00000000000000000000000000000000': 0 pak files mounted, 0 remain pending
LogPlatformFile: Not using cached read wrapper
LogTaskGraph: Started task graph with 5 named threads and 23 total threads with 3 sets of task threads.
LogStats: Stats thread started at 0.281864
LogD3D11RHI: Loaded GFSDK_Aftermath_Lib.x64.dll
LogICUInternationalization: ICU TimeZone Detection - Raw Offset: -5:00, Platform Override: ''
LogPluginManager: Mounting plugin Paper2D
LogPluginManager: Mounting plugin AISupport
LogPluginManager: Mounting plugin LightPropagationVolume
LogPluginManager: Mounting plugin ActorLayerUtilities
LogPluginManager: Mounting plugin CLionSourceCodeAccess
LogPluginManager: Mounting plugin CodeLiteSourceCodeAccess
LogPluginManager: Mounting plugin GitSourceControl
LogPluginManager: Mounting plugin KDevelopSourceCodeAccess
LogPluginManager: Mounting plugin NullSourceCodeAccess
LogPluginManager: Mounting plugin PerforceSourceControl
LogPluginManager: Mounting plugin SubversionSourceControl
LogPluginManager: Mounting plugin UObjectPlugin
LogPluginManager: Mounting plugin VisualStudioCodeSourceCodeAccess
LogPluginManager: Mounting plugin VisualStudioSourceCodeAccess
LogPluginManager: Mounting plugin XCodeSourceCodeAccess
LogPluginManager: Mounting plugin AssetManagerEditor
LogPluginManager: Mounting plugin CryptoKeys
LogPluginManager: Mounting plugin DataValidation
LogPluginManager: Mounting plugin FacialAnimation
LogPluginManager: Mounting plugin GameplayTagsEditor
LogPluginManager: Mounting plugin MacGraphicsSwitching
LogPluginManager: Mounting plugin MeshEditor
LogPluginManager: Mounting plugin MobileLauncherProfileWizard
LogPluginManager: Mounting plugin PluginBrowser
LogPluginManager: Mounting plugin SpeedTreeImporter
LogPluginManager: Mounting plugin DatasmithContent
LogPluginManager: Mounting plugin VariantManagerContent
LogPluginManager: Mounting plugin AlembicImporter
LogPluginManager: Mounting plugin AppleImageUtils
LogPluginManager: Mounting plugin AppleVision
LogPluginManager: Mounting plugin BackChannel
LogPluginManager: Mounting plugin CharacterAI
LogPluginManager: Mounting plugin GeometryCache
LogPluginManager: Mounting plugin HTML5Networking
LogPluginManager: Mounting plugin ProxyLODPlugin
LogPluginManager: Mounting plugin MagicLeap
LogPluginManager: Mounting plugin MagicLeapMedia
LogPluginManager: Mounting plugin AndroidMedia
LogPluginManager: Mounting plugin AvfMedia
LogPluginManager: Mounting plugin ImgMedia
LogPluginManager: Mounting plugin LinearTimecode
LogPluginManager: Mounting plugin MediaCompositing
LogPluginManager: Mounting plugin MediaPlayerEditor
LogPluginManager: Mounting plugin WebMMedia
LogPluginManager: Mounting plugin WmfMedia
LogPluginManager: Mounting plugin TcpMessaging
LogPluginManager: Mounting plugin UdpMessaging
LogPluginManager: Mounting plugin ActorSequence
LogPluginManager: Mounting plugin LevelSequenceEditor
LogPluginManager: Mounting plugin MatineeToLevelSequence
LogPluginManager: Mounting plugin NetcodeUnitTest
LogPluginManager: Mounting plugin NUTUnrealEngine4
LogPluginManager: Mounting plugin OnlineSubsystemGooglePlay
LogPluginManager: Mounting plugin OnlineSubsystemIOS
LogPluginManager: Mounting plugin OnlineSubsystem
LogPluginManager: Mounting plugin OnlineSubsystemNull
LogPluginManager: Mounting plugin OnlineSubsystemUtils
LogPluginManager: Mounting plugin LauncherChunkInstaller
LogPluginManager: Mounting plugin AndroidDeviceProfileSelector
LogPluginManager: Mounting plugin AndroidMoviePlayer
LogPluginManager: Mounting plugin AndroidPermission
LogPluginManager: Mounting plugin AppleMoviePlayer
LogPluginManager: Mounting plugin ArchVisCharacter
LogPluginManager: Mounting plugin AudioCapture
LogPluginManager: Mounting plugin CableComponent
LogPluginManager: Mounting plugin CustomMeshComponent
LogPluginManager: Mounting plugin EditableMesh
LogPluginManager: Mounting plugin ExampleDeviceProfileSelector
LogPluginManager: Mounting plugin Firebase
LogPluginManager: Mounting plugin GoogleCloudMessaging
LogPluginManager: Mounting plugin IOSDeviceProfileSelector
LogPluginManager: Mounting plugin LinuxDeviceProfileSelector
LogPluginManager: Mounting plugin LocationServicesBPLibrary
LogPluginManager: Mounting plugin MobilePatchingUtils
LogPluginManager: Mounting plugin OculusVR
LogPluginManager: Mounting plugin PhysXVehicles
LogPluginManager: Mounting plugin ProceduralMeshComponent
LogPluginManager: Mounting plugin RuntimePhysXCooking
LogPluginManager: Mounting plugin SteamVR
LogPluginManager: Mounting plugin WebMMoviePlayer
LogPluginManager: Mounting plugin WindowsMoviePlayer
LogStreaming: Display: Took  0.102s to configure plugins.
LogInit: Using libcurl 7.55.1-DEV
LogInit:  - built for x86_64-pc-win32
LogInit:  - supports SSL with OpenSSL/1.0.2h
LogInit:  - supports HTTP deflate (compression) using libz 1.2.8
LogInit:  - other features:
LogInit:      CURL_VERSION_SSL
LogInit:      CURL_VERSION_LIBZ
LogInit:      CURL_VERSION_IPV6
LogInit:      CURL_VERSION_ASYNCHDNS
LogInit:      CURL_VERSION_LARGEFILE
LogInit:      CURL_VERSION_IDN
LogInit:  CurlRequestOptions (configurable via config and command line):
LogInit:  - bVerifyPeer = true  - Libcurl will verify peer certificate
LogInit:  - bUseHttpProxy = false  - Libcurl will NOT use HTTP proxy
LogInit:  - bDontReuseConnections = false  - Libcurl will reuse connections
LogInit:  - MaxHostConnections = 16  - Libcurl will limit the number of connections to a host
LogInit:  - LocalHostAddr = Default
LogInit:  - BufferSize = 65536
LogInit: WinSock: version 1.1 (2.2), MaxSocks=32767, MaxUdp=65467
LogInit: Build: ++UE4+Release-4.21-CL-4753647
LogInit: Engine Version: 4.21.2-4753647+++UE4+Release-4.21
LogInit: Compatible Engine Version: 4.21.0-4541578+++UE4+Release-4.21
LogInit: Net CL: 4541578
LogInit: OS: Windows 10 (), CPU: Intel(R) Core(TM) i7-6700HQ CPU @ 2.60GHz, GPU: Intel(R) HD Graphics 530
LogInit: Compiled (64-bit): Jan 19 2019 02:07:31
LogInit: Compiled with Visual C++: 19.13.26129.00
LogInit: Build Configuration: Development
LogInit: Branch Name: ++UE4+Release-4.21
LogInit: Command Line: 
LogInit: Base Directory: D:/Development/UREngine/Software/UE_4.21/Engine/Binaries/Win64/
LogInit: Installed Engine Build: 1
LogDevObjectVersion: Number of dev versions registered: 22
LogDevObjectVersion:   Dev-Blueprints (B0D832E4-1F89-4F0D-ACCF-7EB736FD4AA2): 10
LogDevObjectVersion:   Dev-Build (E1C64328-A22C-4D53-A36C-8E866417BD8C): 0
LogDevObjectVersion:   Dev-Core (375EC13C-06E4-48FB-B500-84F0262A717E): 2
LogDevObjectVersion:   Dev-Editor (E4B068ED-F494-42E9-A231-DA0B2E46BB41): 26
LogDevObjectVersion:   Dev-Framework (CFFC743F-43B0-4480-9391-14DF171D2073): 34
LogDevObjectVersion:   Dev-Mobile (B02B49B5-BB20-44E9-A304-32B752E40360): 2
LogDevObjectVersion:   Dev-Networking (A4E4105C-59A1-49B5-A7C5-40C4547EDFEE): 0
LogDevObjectVersion:   Dev-Online (39C831C9-5AE6-47DC-9A44-9C173E1C8E7C): 0
LogDevObjectVersion:   Dev-Physics (78F01B33-EBEA-4F98-B9B4-84EACCB95AA2): 0
LogDevObjectVersion:   Dev-Platform (6631380F-2D4D-43E0-8009-CF276956A95A): 0
LogDevObjectVersion:   Dev-Rendering (12F88B9F-8875-4AFC-A67C-D90C383ABD29): 27
LogDevObjectVersion:   Dev-Sequencer (7B5AE74C-D270-4C10-A958-57980B212A5A): 9
LogDevObjectVersion:   Dev-VR (D7296918-1DD6-4BDD-9DE2-64A83CC13884): 2
LogDevObjectVersion:   Dev-LoadTimes (C2A15278-BFE7-4AFE-6C17-90FF531DF755): 1
LogDevObjectVersion:   Private-Geometry (6EACA3D4-40EC-4CC1-B786-8BED09428FC5): 3
LogDevObjectVersion:   Dev-AnimPhys (29E575DD-E0A3-4627-9D10-D276232CDCEA): 17
LogDevObjectVersion:   Dev-Anim (AF43A65D-7FD3-4947-9873-3E8ED9C1BB05): 2
LogDevObjectVersion:   Dev-ReflectionCapture (6B266CEC-1EC7-4B8F-A30B-E4D90942FC07): 1
LogDevObjectVersion:   Dev-Automation (0DF73D61-A23F-47EA-B727-89E90C41499A): 1
LogDevObjectVersion:   FortniteMain (601D1886-AC64-4F84-AA16-D3DE0DEAC7D6): 17
LogDevObjectVersion:   Dev-Enterprise (9DFFBCD6-494F-0158-E221-12823C92A888): 4
LogDevObjectVersion:   Dev-Niagara (F2AED0AC-9AFE-416F-8664-AA7FFA26D6FC): 1
LogStreaming: Display: Took  0.001s to delete old logs.
LogInit: Presizing for max 8388607 objects, including 0 objects not considered by GC, pre-allocating 0 bytes for permanent pool.
LogInit: Object subsystem initialized
LogConfig: Setting CVar [[con.DebugEarlyDefault:1]]
LogConfig: Setting CVar [[r.setres:1280x720]]
[2019.01.25-12.11.13:096][  0]LogConfig: Setting CVar [[r.VSync:0]]
[2019.01.25-12.11.13:096][  0]LogConfig: Setting CVar [[r.RHICmdBypass:0]]
[2019.01.25-12.11.13:096][  0]LogConfig: Applying CVar settings from Section [/Script/Engine.RendererSettings] File [C:/Users/natha/Documents/GitHub/Twisted-Mario/TwistedMario/Saved/Config/Windows/Engine.ini]
[2019.01.25-12.11.13:096][  0]LogConfig: Setting CVar [[r.GPUCrashDebugging:0]]
[2019.01.25-12.11.13:096][  0]LogConfig: Applying CVar settings from Section [/Script/Engine.RendererOverrideSettings] File [C:/Users/natha/Documents/GitHub/Twisted-Mario/TwistedMario/Saved/Config/Windows/Engine.ini]
[2019.01.25-12.11.13:096][  0]LogConfig: Applying CVar settings from Section [/Script/Engine.StreamingSettings] File [C:/Users/natha/Documents/GitHub/Twisted-Mario/TwistedMario/Saved/Config/Windows/Engine.ini]
[2019.01.25-12.11.13:096][  0]LogConfig: Setting CVar [[s.MinBulkDataSizeForAsyncLoading:131072]]
[2019.01.25-12.11.13:096][  0]LogConfig: Setting CVar [[s.AsyncLoadingThreadEnabled:0]]
[2019.01.25-12.11.13:096][  0]LogConfig: Setting CVar [[s.EventDrivenLoaderEnabled:1]]
[2019.01.25-12.11.13:096][  0]LogConfig: Setting CVar [[s.WarnIfTimeLimitExceeded:0]]
[2019.01.25-12.11.13:096][  0]LogConfig: Setting CVar [[s.TimeLimitExceededMultiplier:1.5]]
[2019.01.25-12.11.13:096][  0]LogConfig: Setting CVar [[s.TimeLimitExceededMinTime:0.005]]
[2019.01.25-12.11.13:096][  0]LogConfig: Setting CVar [[s.UseBackgroundLevelStreaming:1]]
[2019.01.25-12.11.13:096][  0]LogConfig: Setting CVar [[s.PriorityAsyncLoadingExtraTime:15.0]]
[2019.01.25-12.11.13:096][  0]LogConfig: Setting CVar [[s.LevelStreamingActorsUpdateTimeLimit:5.0]]
[2019.01.25-12.11.13:096][  0]LogConfig: Setting CVar [[s.PriorityLevelStreamingActorsUpdateExtraTime:5.0]]
[2019.01.25-12.11.13:096][  0]LogConfig: Setting CVar [[s.LevelStreamingComponentsRegistrationGranularity:10]]
[2019.01.25-12.11.13:096][  0]LogConfig: Setting CVar [[s.UnregisterComponentsTimeLimit:1.0]]
[2019.01.25-12.11.13:096][  0]LogConfig: Setting CVar [[s.LevelStreamingComponentsUnregistrationGranularity:5]]
[2019.01.25-12.11.13:096][  0]LogConfig: Applying CVar settings from Section [/Script/Engine.GarbageCollectionSettings] File [C:/Users/natha/Documents/GitHub/Twisted-Mario/TwistedMario/Saved/Config/Windows/Engine.ini]
[2019.01.25-12.11.13:097][  0]LogConfig: Setting CVar [[gc.MaxObjectsNotConsideredByGC:1]]
[2019.01.25-12.11.13:097][  0]LogConfig: Setting CVar [[gc.SizeOfPermanentObjectPool:0]]
[2019.01.25-12.11.13:097][  0]LogConfig: Setting CVar [[gc.FlushStreamingOnGC:0]]
[2019.01.25-12.11.13:097][  0]LogConfig: Setting CVar [[gc.NumRetriesBeforeForcingGC:10]]
[2019.01.25-12.11.13:097][  0]LogConfig: Setting CVar [[gc.AllowParallelGC:1]]
[2019.01.25-12.11.13:097][  0]LogConfig: Setting CVar [[gc.TimeBetweenPurgingPendingKillObjects:61.1]]
[2019.01.25-12.11.13:097][  0]LogConfig: Setting CVar [[gc.MaxObjectsInEditor:8388607]]
[2019.01.25-12.11.13:097][  0]LogConfig: Setting CVar [[gc.IncrementalBeginDestroyEnabled:1]]
[2019.01.25-12.11.13:097][  0]LogConfig: Setting CVar [[gc.CreateGCClusters:1]]
[2019.01.25-12.11.13:097][  0]LogConfig: Setting CVar [[gc.MergeGCClusters:0]]
[2019.01.25-12.11.13:097][  0]LogConfig: Setting CVar [[gc.MinGCClusterSize:5]]
[2019.01.25-12.11.13:097][  0]LogConfig: Setting CVar [[gc.ActorClusteringEnabled:0]]
[2019.01.25-12.11.13:097][  0]LogConfig: Setting CVar [[gc.BlueprintClusteringEnabled:0]]
[2019.01.25-12.11.13:097][  0]LogConfig: Setting CVar [[gc.UseDisregardForGCOnDedicatedServers:0]]
[2019.01.25-12.11.13:097][  0]LogConfig: Applying CVar settings from Section [/Script/Engine.NetworkSettings] File [C:/Users/natha/Documents/GitHub/Twisted-Mario/TwistedMario/Saved/Config/Windows/Engine.ini]
[2019.01.25-12.11.13:097][  0]LogConfig: Applying CVar settings from Section [/Script/UnrealEd.CookerSettings] File [C:/Users/natha/Documents/GitHub/Twisted-Mario/TwistedMario/Saved/Config/Windows/Engine.ini]
[2019.01.25-12.11.13:099][  0]LogConfig: Applying CVar settings from Section [ViewDistanceQuality@3] File [C:/Users/natha/Documents/GitHub/Twisted-Mario/TwistedMario/Saved/Config/Windows/Scalability.ini]
[2019.01.25-12.11.13:099][  0]LogConfig: Setting CVar [[r.SkeletalMeshLODBias:0]]
[2019.01.25-12.11.13:099][  0]LogConfig: Setting CVar [[r.ViewDistanceScale:1.0]]
[2019.01.25-12.11.13:099][  0]LogConfig: Applying CVar settings from Section [AntiAliasingQuality@3] File [C:/Users/natha/Documents/GitHub/Twisted-Mario/TwistedMario/Saved/Config/Windows/Scalability.ini]
[2019.01.25-12.11.13:099][  0]LogConfig: Setting CVar [[r.PostProcessAAQuality:4]]
[2019.01.25-12.11.13:099][  0]LogConfig: Applying CVar settings from Section [ShadowQuality@3] File [C:/Users/natha/Documents/GitHub/Twisted-Mario/TwistedMario/Saved/Config/Windows/Scalability.ini]
[2019.01.25-12.11.13:099][  0]LogConfig: Setting CVar [[r.LightFunctionQuality:1]]
[2019.01.25-12.11.13:099][  0]LogConfig: Setting CVar [[r.ShadowQuality:5]]
[2019.01.25-12.11.13:099][  0]LogConfig: Setting CVar [[r.Shadow.CSM.MaxCascades:10]]
[2019.01.25-12.11.13:099][  0]LogConfig: Setting CVar [[r.Shadow.MaxResolution:2048]]
[2019.01.25-12.11.13:099][  0]LogConfig: Setting CVar [[r.Shadow.MaxCSMResolution:2048]]
[2019.01.25-12.11.13:099][  0]LogConfig: Setting CVar [[r.Shadow.RadiusThreshold:0.01]]
[2019.01.25-12.11.13:099][  0]LogConfig: Setting CVar [[r.Shadow.DistanceScale:1.0]]
[2019.01.25-12.11.13:099][  0]LogConfig: Setting CVar [[r.Shadow.CSM.TransitionScale:1.0]]
[2019.01.25-12.11.13:099][  0]LogConfig: Setting CVar [[r.Shadow.PreShadowResolutionFactor:1.0]]
[2019.01.25-12.11.13:099][  0]LogConfig: Setting CVar [[r.DistanceFieldShadowing:1]]
[2019.01.25-12.11.13:099][  0]LogConfig: Setting CVar [[r.DistanceFieldAO:1]]
[2019.01.25-12.11.13:099][  0]LogConfig: Setting CVar [[r.AOQuality:2]]
[2019.01.25-12.11.13:099][  0]LogConfig: Setting CVar [[r.VolumetricFog:1]]
[2019.01.25-12.11.13:099][  0]LogConfig: Setting CVar [[r.VolumetricFog.GridPixelSize:8]]
[2019.01.25-12.11.13:099][  0]LogConfig: Setting CVar [[r.VolumetricFog.GridSizeZ:128]]
[2019.01.25-12.11.13:099][  0]LogConfig: Setting CVar [[r.VolumetricFog.HistoryMissSupersampleCount:4]]
[2019.01.25-12.11.13:099][  0]LogConfig: Setting CVar [[r.LightMaxDrawDistanceScale:1]]
[2019.01.25-12.11.13:099][  0]LogConfig: Setting CVar [[r.CapsuleShadows:1]]
[2019.01.25-12.11.13:099][  0]LogConfig: Applying CVar settings from Section [PostProcessQuality@3] File [C:/Users/natha/Documents/GitHub/Twisted-Mario/TwistedMario/Saved/Config/Windows/Scalability.ini]
[2019.01.25-12.11.13:099][  0]LogConfig: Setting CVar [[r.MotionBlurQuality:4]]
[2019.01.25-12.11.13:099][  0]LogConfig: Setting CVar [[r.AmbientOcclusionMipLevelFactor:0.4]]
[2019.01.25-12.11.13:099][  0]LogConfig: Setting CVar [[r.AmbientOcclusionMaxQuality:100]]
[2019.01.25-12.11.13:099][  0]LogConfig: Setting CVar [[r.AmbientOcclusionLevels:-1]]
[2019.01.25-12.11.13:099][  0]LogConfig: Setting CVar [[r.AmbientOcclusionRadiusScale:1.0]]
[2019.01.25-12.11.13:099][  0]LogConfig: Setting CVar [[r.DepthOfFieldQuality:2]]
[2019.01.25-12.11.13:099][  0]LogConfig: Setting CVar [[r.RenderTargetPoolMin:400]]
[2019.01.25-12.11.13:099][  0]LogConfig: Setting CVar [[r.LensFlareQuality:2]]
[2019.01.25-12.11.13:100][  0]LogConfig: Setting CVar [[r.SceneColorFringeQuality:1]]
[2019.01.25-12.11.13:100][  0]LogConfig: Setting CVar [[r.EyeAdaptationQuality:2]]
[2019.01.25-12.11.13:100][  0]LogConfig: Setting CVar [[r.BloomQuality:5]]
[2019.01.25-12.11.13:100][  0]LogConfig: Setting CVar [[r.FastBlurThreshold:100]]
[2019.01.25-12.11.13:100][  0]LogConfig: Setting CVar [[r.Upscale.Quality:3]]
[2019.01.25-12.11.13:100][  0]LogConfig: Setting CVar [[r.Tonemapper.GrainQuantization:1]]
[2019.01.25-12.11.13:100][  0]LogConfig: Setting CVar [[r.LightShaftQuality:1]]
[2019.01.25-12.11.13:100][  0]LogConfig: Setting CVar [[r.Filter.SizeScale:1]]
[2019.01.25-12.11.13:100][  0]LogConfig: Setting CVar [[r.Tonemapper.Quality:5]]
[2019.01.25-12.11.13:100][  0]LogConfig: Setting CVar [[r.DOF.Gather.AccumulatorQuality:1        ; higher gathering accumulator quality]]
[2019.01.25-12.11.13:100][  0]LogConfig: Setting CVar [[r.DOF.Gather.PostfilterMethod:1          ; Median3x3 postfilering method]]
[2019.01.25-12.11.13:100][  0]LogConfig: Setting CVar [[r.DOF.Gather.EnableBokehSettings:0       ; no bokeh simulation when gathering]]
[2019.01.25-12.11.13:100][  0]LogConfig: Setting CVar [[r.DOF.Gather.RingCount:4                 ; medium number of samples when gathering]]
[2019.01.25-12.11.13:100][  0]LogConfig: Setting CVar [[r.DOF.Scatter.ForegroundCompositing:1    ; additive foreground scattering]]
[2019.01.25-12.11.13:100][  0]LogConfig: Setting CVar [[r.DOF.Scatter.BackgroundCompositing:2    ; additive background scattering]]
[2019.01.25-12.11.13:100][  0]LogConfig: Setting CVar [[r.DOF.Scatter.EnableBokehSettings:1      ; bokeh simulation when scattering]]
[2019.01.25-12.11.13:100][  0]LogConfig: Setting CVar [[r.DOF.Scatter.MaxSpriteRatio:0.1         ; only a maximum of 10% of scattered bokeh]]
[2019.01.25-12.11.13:100][  0]LogConfig: Setting CVar [[r.DOF.Recombine.Quality:1                ; cheap slight out of focus]]
[2019.01.25-12.11.13:100][  0]LogConfig: Setting CVar [[r.DOF.Recombine.EnableBokehSettings:0    ; no bokeh simulation on slight out of focus]]
[2019.01.25-12.11.13:100][  0]LogConfig: Setting CVar [[r.DOF.TemporalAAQuality:1                ; more stable temporal accumulation]]
[2019.01.25-12.11.13:100][  0]LogConfig: Setting CVar [[r.DOF.Kernel.MaxForegroundRadius:0.025]]
[2019.01.25-12.11.13:100][  0]LogConfig: Setting CVar [[r.DOF.Kernel.MaxBackgroundRadius:0.025]]
[2019.01.25-12.11.13:100][  0]LogConfig: Applying CVar settings from Section [TextureQuality@3] File [C:/Users/natha/Documents/GitHub/Twisted-Mario/TwistedMario/Saved/Config/Windows/Scalability.ini]
[2019.01.25-12.11.13:100][  0]LogConfig: Setting CVar [[r.Streaming.MipBias:0]]
[2019.01.25-12.11.13:100][  0]LogConfig: Setting CVar [[r.Streaming.AmortizeCPUToGPUCopy:0]]
[2019.01.25-12.11.13:100][  0]LogConfig: Setting CVar [[r.Streaming.MaxNumTexturesToStreamPerFrame:0]]
[2019.01.25-12.11.13:100][  0]LogConfig: Setting CVar [[r.Streaming.Boost:1]]
[2019.01.25-12.11.13:100][  0]LogConfig: Setting CVar [[r.MaxAnisotropy:8]]
[2019.01.25-12.11.13:100][  0]LogConfig: Setting CVar [[r.Streaming.LimitPoolSizeToVRAM:0]]
[2019.01.25-12.11.13:100][  0]LogConfig: Setting CVar [[r.Streaming.PoolSize:1000]]
[2019.01.25-12.11.13:100][  0]LogConfig: Setting CVar [[r.Streaming.MaxEffectiveScreenSize:0]]
[2019.01.25-12.11.13:100][  0]LogConfig: Applying CVar settings from Section [EffectsQuality@3] File [C:/Users/natha/Documents/GitHub/Twisted-Mario/TwistedMario/Saved/Config/Windows/Scalability.ini]
[2019.01.25-12.11.13:100][  0]LogConfig: Setting CVar [[r.TranslucencyLightingVolumeDim:64]]
[2019.01.25-12.11.13:100][  0]LogConfig: Setting CVar [[r.RefractionQuality:2]]
[2019.01.25-12.11.13:100][  0]LogConfig: Setting CVar [[r.SSR.Quality:3]]
[2019.01.25-12.11.13:100][  0]LogConfig: Setting CVar [[r.SceneColorFormat:4]]
[2019.01.25-12.11.13:100][  0]LogConfig: Setting CVar [[r.DetailMode:2]]
[2019.01.25-12.11.13:100][  0]LogConfig: Setting CVar [[r.TranslucencyVolumeBlur:1]]
[2019.01.25-12.11.13:100][  0]LogConfig: Setting CVar [[r.MaterialQualityLevel:1 ; High quality]]
[2019.01.25-12.11.13:100][  0]LogConfig: Setting CVar [[r.SSS.Scale:1]]
[2019.01.25-12.11.13:100][  0]LogConfig: Setting CVar [[r.SSS.SampleSet:2]]
[2019.01.25-12.11.13:100][  0]LogConfig: Setting CVar [[r.SSS.Quality:1]]
[2019.01.25-12.11.13:100][  0]LogConfig: Setting CVar [[r.SSS.HalfRes:1]]
[2019.01.25-12.11.13:100][  0]LogConfig: Setting CVar [[r.EmitterSpawnRateScale:1.0]]
[2019.01.25-12.11.13:100][  0]LogConfig: Setting CVar [[r.ParticleLightQuality:2]]
[2019.01.25-12.11.13:100][  0]LogConfig: Applying CVar settings from Section [FoliageQuality@3] File [C:/Users/natha/Documents/GitHub/Twisted-Mario/TwistedMario/Saved/Config/Windows/Scalability.ini]
[2019.01.25-12.11.13:100][  0]LogConfig: Setting CVar [[foliage.DensityScale:1.0]]
[2019.01.25-12.11.13:100][  0]LogConfig: Setting CVar [[grass.DensityScale:1.0]]
[2019.01.25-12.11.13:100][  0]LogInit: Selected Device Profile: [Windows]
[2019.01.25-12.11.13:100][  0]LogInit: Applying CVar settings loaded from the selected device profile: [Windows]
[2019.01.25-12.11.13:122][  0]LogHAL: Display: Platform has ~ 16 GB [17072898048 / 17179869184 / 16], which maps to Larger [LargestMinGB=32, LargerMinGB=12, DefaultMinGB=8, SmallerMinGB=6, SmallestMinGB=0)
[2019.01.25-12.11.13:122][  0]LogConfig: Setting CVar [[r.Vulkan.UseRealUBs:1]]
[2019.01.25-12.11.13:122][  0]LogInit: Going up to parent DeviceProfile []
[2019.01.25-12.11.13:122][  0]LogConfig: Applying CVar settings from Section [ViewDistanceQuality@3] File [C:/Users/natha/Documents/GitHub/Twisted-Mario/TwistedMario/Saved/Config/Windows/Scalability.ini]
[2019.01.25-12.11.13:122][  0]LogConfig: Setting CVar [[r.SkeletalMeshLODBias:0]]
[2019.01.25-12.11.13:122][  0]LogConfig: Setting CVar [[r.ViewDistanceScale:1.0]]
[2019.01.25-12.11.13:122][  0]LogConfig: Applying CVar settings from Section [AntiAliasingQuality@3] File [C:/Users/natha/Documents/GitHub/Twisted-Mario/TwistedMario/Saved/Config/Windows/Scalability.ini]
[2019.01.25-12.11.13:122][  0]LogConfig: Setting CVar [[r.PostProcessAAQuality:4]]
[2019.01.25-12.11.13:122][  0]LogConfig: Applying CVar settings from Section [ShadowQuality@3] File [C:/Users/natha/Documents/GitHub/Twisted-Mario/TwistedMario/Saved/Config/Windows/Scalability.ini]
[2019.01.25-12.11.13:122][  0]LogConfig: Setting CVar [[r.LightFunctionQuality:1]]
[2019.01.25-12.11.13:122][  0]LogConfig: Setting CVar [[r.ShadowQuality:5]]
[2019.01.25-12.11.13:123][  0]LogConfig: Setting CVar [[r.Shadow.CSM.MaxCascades:10]]
[2019.01.25-12.11.13:123][  0]LogConfig: Setting CVar [[r.Shadow.MaxResolution:2048]]
[2019.01.25-12.11.13:123][  0]LogConfig: Setting CVar [[r.Shadow.MaxCSMResolution:2048]]
[2019.01.25-12.11.13:123][  0]LogConfig: Setting CVar [[r.Shadow.RadiusThreshold:0.01]]
[2019.01.25-12.11.13:123][  0]LogConfig: Setting CVar [[r.Shadow.DistanceScale:1.0]]
[2019.01.25-12.11.13:123][  0]LogConfig: Setting CVar [[r.Shadow.CSM.TransitionScale:1.0]]
[2019.01.25-12.11.13:123][  0]LogConfig: Setting CVar [[r.Shadow.PreShadowResolutionFactor:1.0]]
[2019.01.25-12.11.13:123][  0]LogConfig: Setting CVar [[r.DistanceFieldShadowing:1]]
[2019.01.25-12.11.13:123][  0]LogConfig: Setting CVar [[r.DistanceFieldAO:1]]
[2019.01.25-12.11.13:123][  0]LogConfig: Setting CVar [[r.AOQuality:2]]
[2019.01.25-12.11.13:123][  0]LogConfig: Setting CVar [[r.VolumetricFog:1]]
[2019.01.25-12.11.13:123][  0]LogConfig: Setting CVar [[r.VolumetricFog.GridPixelSize:8]]
[2019.01.25-12.11.13:123][  0]LogConfig: Setting CVar [[r.VolumetricFog.GridSizeZ:128]]
[2019.01.25-12.11.13:123][  0]LogConfig: Setting CVar [[r.VolumetricFog.HistoryMissSupersampleCount:4]]
[2019.01.25-12.11.13:123][  0]LogConfig: Setting CVar [[r.LightMaxDrawDistanceScale:1]]
[2019.01.25-12.11.13:123][  0]LogConfig: Setting CVar [[r.CapsuleShadows:1]]
[2019.01.25-12.11.13:123][  0]LogConfig: Applying CVar settings from Section [PostProcessQuality@3] File [C:/Users/natha/Documents/GitHub/Twisted-Mario/TwistedMario/Saved/Config/Windows/Scalability.ini]
[2019.01.25-12.11.13:123][  0]LogConfig: Setting CVar [[r.MotionBlurQuality:4]]
[2019.01.25-12.11.13:123][  0]LogConfig: Setting CVar [[r.AmbientOcclusionMipLevelFactor:0.4]]
[2019.01.25-12.11.13:123][  0]LogConfig: Setting CVar [[r.AmbientOcclusionMaxQuality:100]]
[2019.01.25-12.11.13:123][  0]LogConfig: Setting CVar [[r.AmbientOcclusionLevels:-1]]
[2019.01.25-12.11.13:123][  0]LogConfig: Setting CVar [[r.AmbientOcclusionRadiusScale:1.0]]
[2019.01.25-12.11.13:123][  0]LogConfig: Setting CVar [[r.DepthOfFieldQuality:2]]
[2019.01.25-12.11.13:123][  0]LogConfig: Setting CVar [[r.RenderTargetPoolMin:400]]
[2019.01.25-12.11.13:123][  0]LogConfig: Setting CVar [[r.LensFlareQuality:2]]
[2019.01.25-12.11.13:123][  0]LogConfig: Setting CVar [[r.SceneColorFringeQuality:1]]
[2019.01.25-12.11.13:123][  0]LogConfig: Setting CVar [[r.EyeAdaptationQuality:2]]
[2019.01.25-12.11.13:123][  0]LogConfig: Setting CVar [[r.BloomQuality:5]]
[2019.01.25-12.11.13:123][  0]LogConfig: Setting CVar [[r.FastBlurThreshold:100]]
[2019.01.25-12.11.13:123][  0]LogConfig: Setting CVar [[r.Upscale.Quality:3]]
[2019.01.25-12.11.13:123][  0]LogConfig: Setting CVar [[r.Tonemapper.GrainQuantization:1]]
[2019.01.25-12.11.13:123][  0]LogConfig: Setting CVar [[r.LightShaftQuality:1]]
[2019.01.25-12.11.13:123][  0]LogConfig: Setting CVar [[r.Filter.SizeScale:1]]
[2019.01.25-12.11.13:123][  0]LogConfig: Setting CVar [[r.Tonemapper.Quality:5]]
[2019.01.25-12.11.13:123][  0]LogConfig: Setting CVar [[r.DOF.Gather.AccumulatorQuality:1        ; higher gathering accumulator quality]]
[2019.01.25-12.11.13:123][  0]LogConfig: Setting CVar [[r.DOF.Gather.PostfilterMethod:1          ; Median3x3 postfilering method]]
[2019.01.25-12.11.13:123][  0]LogConfig: Setting CVar [[r.DOF.Gather.EnableBokehSettings:0       ; no bokeh simulation when gathering]]
[2019.01.25-12.11.13:123][  0]LogConfig: Setting CVar [[r.DOF.Gather.RingCount:4                 ; medium number of samples when gathering]]
[2019.01.25-12.11.13:123][  0]LogConfig: Setting CVar [[r.DOF.Scatter.ForegroundCompositing:1    ; additive foreground scattering]]
[2019.01.25-12.11.13:123][  0]LogConfig: Setting CVar [[r.DOF.Scatter.BackgroundCompositing:2    ; additive background scattering]]
[2019.01.25-12.11.13:123][  0]LogConfig: Setting CVar [[r.DOF.Scatter.EnableBokehSettings:1      ; bokeh simulation when scattering]]
[2019.01.25-12.11.13:123][  0]LogConfig: Setting CVar [[r.DOF.Scatter.MaxSpriteRatio:0.1         ; only a maximum of 10% of scattered bokeh]]
[2019.01.25-12.11.13:123][  0]LogConfig: Setting CVar [[r.DOF.Recombine.Quality:1                ; cheap slight out of focus]]
[2019.01.25-12.11.13:123][  0]LogConfig: Setting CVar [[r.DOF.Recombine.EnableBokehSettings:0    ; no bokeh simulation on slight out of focus]]
[2019.01.25-12.11.13:123][  0]LogConfig: Setting CVar [[r.DOF.TemporalAAQuality:1                ; more stable temporal accumulation]]
[2019.01.25-12.11.13:123][  0]LogConfig: Setting CVar [[r.DOF.Kernel.MaxForegroundRadius:0.025]]
[2019.01.25-12.11.13:123][  0]LogConfig: Setting CVar [[r.DOF.Kernel.MaxBackgroundRadius:0.025]]
[2019.01.25-12.11.13:123][  0]LogConfig: Applying CVar settings from Section [TextureQuality@3] File [C:/Users/natha/Documents/GitHub/Twisted-Mario/TwistedMario/Saved/Config/Windows/Scalability.ini]
[2019.01.25-12.11.13:123][  0]LogConfig: Setting CVar [[r.Streaming.MipBias:0]]
[2019.01.25-12.11.13:123][  0]LogConfig: Setting CVar [[r.Streaming.AmortizeCPUToGPUCopy:0]]
[2019.01.25-12.11.13:123][  0]LogConfig: Setting CVar [[r.Streaming.MaxNumTexturesToStreamPerFrame:0]]
[2019.01.25-12.11.13:123][  0]LogConfig: Setting CVar [[r.Streaming.Boost:1]]
[2019.01.25-12.11.13:123][  0]LogConfig: Setting CVar [[r.MaxAnisotropy:8]]
[2019.01.25-12.11.13:123][  0]LogConfig: Setting CVar [[r.Streaming.LimitPoolSizeToVRAM:0]]
[2019.01.25-12.11.13:123][  0]LogConfig: Setting CVar [[r.Streaming.PoolSize:1000]]
[2019.01.25-12.11.13:123][  0]LogConfig: Setting CVar [[r.Streaming.MaxEffectiveScreenSize:0]]
[2019.01.25-12.11.13:123][  0]LogConfig: Applying CVar settings from Section [EffectsQuality@3] File [C:/Users/natha/Documents/GitHub/Twisted-Mario/TwistedMario/Saved/Config/Windows/Scalability.ini]
[2019.01.25-12.11.13:123][  0]LogConfig: Setting CVar [[r.TranslucencyLightingVolumeDim:64]]
[2019.01.25-12.11.13:123][  0]LogConfig: Setting CVar [[r.RefractionQuality:2]]
[2019.01.25-12.11.13:123][  0]LogConfig: Setting CVar [[r.SSR.Quality:3]]
[2019.01.25-12.11.13:123][  0]LogConfig: Setting CVar [[r.SceneColorFormat:4]]
[2019.01.25-12.11.13:123][  0]LogConfig: Setting CVar [[r.DetailMode:2]]
[2019.01.25-12.11.13:123][  0]LogConfig: Setting CVar [[r.TranslucencyVolumeBlur:1]]
[2019.01.25-12.11.13:123][  0]LogConfig: Setting CVar [[r.MaterialQualityLevel:1 ; High quality]]
[2019.01.25-12.11.13:123][  0]LogConfig: Setting CVar [[r.SSS.Scale:1]]
[2019.01.25-12.11.13:123][  0]LogConfig: Setting CVar [[r.SSS.SampleSet:2]]
[2019.01.25-12.11.13:123][  0]LogConfig: Setting CVar [[r.SSS.Quality:1]]
[2019.01.25-12.11.13:123][  0]LogConfig: Setting CVar [[r.SSS.HalfRes:1]]
[2019.01.25-12.11.13:123][  0]LogConfig: Setting CVar [[r.EmitterSpawnRateScale:1.0]]
[2019.01.25-12.11.13:123][  0]LogConfig: Setting CVar [[r.ParticleLightQuality:2]]
[2019.01.25-12.11.13:124][  0]LogConfig: Applying CVar settings from Section [FoliageQuality@3] File [C:/Users/natha/Documents/GitHub/Twisted-Mario/TwistedMario/Saved/Config/Windows/Scalability.ini]
[2019.01.25-12.11.13:124][  0]LogConfig: Setting CVar [[foliage.DensityScale:1.0]]
[2019.01.25-12.11.13:124][  0]LogConfig: Setting CVar [[grass.DensityScale:1.0]]
[2019.01.25-12.11.13:124][  0]LogConfig: Applying CVar settings from Section [Startup] File [../../../Engine/Config/ConsoleVariables.ini]
[2019.01.25-12.11.13:124][  0]LogConfig: Setting CVar [[net.UseAdaptiveNetUpdateFrequency:0]]
[2019.01.25-12.11.13:124][  0]LogConfig: Applying CVar settings from Section [ConsoleVariables] File [C:/Users/natha/Documents/GitHub/Twisted-Mario/TwistedMario/Saved/Config/Windows/Engine.ini]
[2019.01.25-12.11.13:124][  0]LogInit: Computer: DESKTOP-Q0BDHIK
[2019.01.25-12.11.13:124][  0]LogInit: User: natha
[2019.01.25-12.11.13:124][  0]LogInit: CPU Page size=4096, Cores=4
[2019.01.25-12.11.13:124][  0]LogInit: High frequency timer resolution =2.531252 MHz
[2019.01.25-12.11.13:124][  0]LogMemory: Memory total: Physical=15.9GB (16GB approx)
[2019.01.25-12.11.13:124][  0]LogMemory: Platform Memory Stats for Windows
[2019.01.25-12.11.13:124][  0]LogMemory: Process Physical Memory: 101.60 MB used, 101.60 MB peak
[2019.01.25-12.11.13:124][  0]LogMemory: Process Virtual Memory: 91.35 MB used, 91.35 MB peak
[2019.01.25-12.11.13:124][  0]LogMemory: Physical Memory: 7339.28 MB used,  8942.71 MB free, 16281.98 MB total
[2019.01.25-12.11.13:124][  0]LogMemory: Virtual Memory: 4647.92 MB used,  134213080.00 MB free, 134217728.00 MB total
[2019.01.25-12.11.13:139][  0]LogInit: Using OS detected language (en-US).
[2019.01.25-12.11.13:139][  0]LogInit: Using OS detected locale (en-CA).
[2019.01.25-12.11.13:140][  0]LogTextLocalizationManager: No specific localization for 'en-US' exists, so the 'en' localization will be used.
[2019.01.25-12.11.13:581][  0]LogStreaming: Display: Took  0.442s to InitEngineTextLocalization.
[2019.01.25-12.11.13:581][  0]LogInit: Setting process to per monitor DPI aware
[2019.01.25-12.11.13:608][  0]LogSlate: New Slate User Created.  User Index 0, Is Virtual User: 0
[2019.01.25-12.11.13:608][  0]LogSlate: Slate User Registered.  User Index 0, Is Virtual User: 0
[2019.01.25-12.11.13:862][  0]LogHMD: Failed to initialize OpenVR with code 110
[2019.01.25-12.11.13:862][  0]LogD3D11RHI: D3D11 adapters:
[2019.01.25-12.11.13:939][  0]LogD3D11RHI:    0. 'NVIDIA GeForce GTX 970M' (Feature Level 11_0)
[2019.01.25-12.11.13:939][  0]LogD3D11RHI:       3040/0/8140 MB DedicatedVideo/DedicatedSystem/SharedSystem, Outputs:1, VendorId:0x10de
[2019.01.25-12.11.13:947][  0]LogD3D11RHI:    1. 'Intel(R) HD Graphics 530' (Feature Level 11_0)
[2019.01.25-12.11.13:947][  0]LogD3D11RHI:       128/0/8140 MB DedicatedVideo/DedicatedSystem/SharedSystem, Outputs:0, VendorId:0x8086
[2019.01.25-12.11.13:950][  0]LogD3D11RHI:    2. 'Microsoft Basic Render Driver' (Feature Level 11_0)
[2019.01.25-12.11.13:950][  0]LogD3D11RHI:       0/0/8140 MB DedicatedVideo/DedicatedSystem/SharedSystem, Outputs:0, VendorId:0x1414
[2019.01.25-12.11.13:950][  0]LogD3D11RHI: Chosen D3D11 Adapter: 0
[2019.01.25-12.11.13:990][  0]LogD3D11RHI: Creating new Direct3DDevice
[2019.01.25-12.11.13:991][  0]LogD3D11RHI:     GPU DeviceId: 0x13d8 (for the marketing name, search the web for "GPU Device Id")
[2019.01.25-12.11.13:991][  0]LogWindows: EnumDisplayDevices:
[2019.01.25-12.11.13:991][  0]LogWindows:    0. 'Intel(R) HD Graphics 530' (P:1 D:1)
[2019.01.25-12.11.13:991][  0]LogWindows:    1. 'Intel(R) HD Graphics 530' (P:0 D:0)
[2019.01.25-12.11.13:991][  0]LogWindows:    2. 'Intel(R) HD Graphics 530' (P:0 D:0)
[2019.01.25-12.11.13:992][  0]LogWindows: DebugString: PrimaryIsNotTheChoosenAdapter PrimaryIsNotTheChoosenAdapter PrimaryIsNotTheChoosenAdapter FoundDriverCount:0 
[2019.01.25-12.11.13:992][  0]LogD3D11RHI:     Adapter Name: NVIDIA GeForce GTX 970M
[2019.01.25-12.11.13:992][  0]LogD3D11RHI:   Driver Version: Unknown (internal:Unknown, unified:Unknown)
[2019.01.25-12.11.13:992][  0]LogD3D11RHI:      Driver Date: Unknown
[2019.01.25-12.11.13:992][  0]LogRHI: Texture pool is 2128 MB (70% of 3040 MB)
[2019.01.25-12.11.14:024][  0]LogD3D11RHI: Async texture creation enabled
[2019.01.25-12.11.14:037][  0]LogD3D11RHI: GPU Timing Frequency: 1000.000000 (Debug: 2 1)
[2019.01.25-12.11.14:339][  0]LogTemp: Display: Loaded TP AllDesktopTargetPlatform
[2019.01.25-12.11.14:351][  0]LogTemp: Display: Loaded TP MacClientTargetPlatform
[2019.01.25-12.11.14:364][  0]LogTemp: Display: Loaded TP MacNoEditorTargetPlatform
[2019.01.25-12.11.14:376][  0]LogTemp: Display: Loaded TP MacServerTargetPlatform
[2019.01.25-12.11.14:388][  0]LogTemp: Display: Loaded TP MacTargetPlatform
[2019.01.25-12.11.14:400][  0]LogTemp: Display: Loaded TP WindowsClientTargetPlatform
[2019.01.25-12.11.14:412][  0]LogTemp: Display: Loaded TP WindowsNoEditorTargetPlatform
[2019.01.25-12.11.14:423][  0]LogTemp: Display: Loaded TP WindowsServerTargetPlatform
[2019.01.25-12.11.14:429][  0]LogTemp: Display: Loaded TP WindowsTargetPlatform
[2019.01.25-12.11.14:509][  0]LogTemp: Display: Loaded TP AndroidTargetPlatform
[2019.01.25-12.11.14:509][  0]LogTemp: Display: Loaded TP AndroidTargetPlatform
[2019.01.25-12.11.14:509][  0]LogTemp: Display: Loaded TP AndroidTargetPlatform
[2019.01.25-12.11.14:509][  0]LogTemp: Display: Loaded TP AndroidTargetPlatform
[2019.01.25-12.11.14:509][  0]LogTemp: Display: Loaded TP AndroidTargetPlatform
[2019.01.25-12.11.14:509][  0]LogTemp: Display: Loaded TP AndroidTargetPlatform
[2019.01.25-12.11.14:509][  0]LogTemp: Display: Loaded TP AndroidTargetPlatform
[2019.01.25-12.11.14:509][  0]LogTemp: Display: Loaded TP AndroidTargetPlatform
[2019.01.25-12.11.14:509][  0]LogTemp: Display: Loaded TP AndroidTargetPlatform
[2019.01.25-12.11.14:509][  0]LogTemp: Display: Loaded TP AndroidTargetPlatform
[2019.01.25-12.11.14:509][  0]LogTemp: Display: Loaded TP AndroidTargetPlatform
[2019.01.25-12.11.14:509][  0]LogTemp: Display: Loaded TP AndroidTargetPlatform
[2019.01.25-12.11.14:509][  0]LogTemp: Display: Loaded TP AndroidTargetPlatform
[2019.01.25-12.11.14:509][  0]LogTemp: Display: Loaded TP AndroidTargetPlatform
[2019.01.25-12.11.14:509][  0]LogTemp: Display: Loaded TP AndroidTargetPlatform
[2019.01.25-12.11.14:509][  0]LogTemp: Display: Loaded TP AndroidTargetPlatform
[2019.01.25-12.11.14:509][  0]LogTemp: Display: Loaded TP AndroidTargetPlatform
[2019.01.25-12.11.14:509][  0]LogTemp: Display: Loaded TP AndroidTargetPlatform
[2019.01.25-12.11.14:510][  0]LogTemp: Display: Loaded TP HTML5TargetPlatform
[2019.01.25-12.11.14:568][  0]LogTemp: Display: Loaded TP IOSTargetPlatform
[2019.01.25-12.11.14:568][  0]LogTemp: Display: Loaded TP IOSTargetPlatform
[2019.01.25-12.11.14:594][  0]LogTemp: Display: Loaded TP TVOSTargetPlatform
[2019.01.25-12.11.14:594][  0]LogTemp: Display: Loaded TP TVOSTargetPlatform
[2019.01.25-12.11.14:606][  0]LogTemp: Display: Loaded TP LinuxClientTargetPlatform
[2019.01.25-12.11.14:618][  0]LogTemp: Display: Loaded TP LinuxNoEditorTargetPlatform
[2019.01.25-12.11.14:630][  0]LogTemp: Display: Loaded TP LinuxServerTargetPlatform
[2019.01.25-12.11.14:642][  0]LogTemp: Display: Loaded TP LinuxTargetPlatform
[2019.01.25-12.11.14:683][  0]LogTemp: Display: Loaded TP LuminTargetPlatform
[2019.01.25-12.11.14:683][  0]LogTemp: Display: Loaded TP LuminTargetPlatform
[2019.01.25-12.11.14:683][  0]LogTargetPlatformManager: Display: Building Assets For Windows
[2019.01.25-12.11.14:729][  0]LogShaderCompilers: Guid format shader working directory is -13 characters bigger than the processId version (C:/Users/natha/Documents/GitHub/Twisted-Mario/TwistedMario/Intermediate/Shaders/WorkingDirectory/14036/).
[2019.01.25-12.11.14:729][  0]LogShaderCompilers: Cleaned the shader compiler working directory 'C:/Users/natha/AppData/Local/Temp/UnrealShaderWorkingDir/7A92CEB84C26AEB7A80A54BE20826461/'.
[2019.01.25-12.11.14:731][  0]LogXGEController: Cannot use XGE Controller as Incredibuild is not installed on this machine.
[2019.01.25-12.11.14:731][  0]LogShaderCompilers: Cannot use XGE Shader Compiler as Incredibuild is not installed on this machine.
[2019.01.25-12.11.14:731][  0]LogShaderCompilers: Display: Using Local Shader Compiler.
[2019.01.25-12.11.15:288][  0]LogDerivedDataCache: Display: Max Cache Size: 512 MB
[2019.01.25-12.11.15:342][  0]LogDerivedDataCache: Loaded boot cache 0.05s 71MB C:/Users/natha/AppData/Local/UnrealEngine/4.21/DerivedDataCache/Boot.ddc.
[2019.01.25-12.11.15:342][  0]LogDerivedDataCache: Display: Loaded Boot cache: C:/Users/natha/AppData/Local/UnrealEngine/4.21/DerivedDataCache/Boot.ddc
[2019.01.25-12.11.15:342][  0]LogDerivedDataCache: FDerivedDataBackendGraph:  Pak pak cache file C:/Users/natha/Documents/GitHub/Twisted-Mario/TwistedMario/DerivedDataCache/DDC.ddp not found, will not use a pak cache.
[2019.01.25-12.11.15:342][  0]LogDerivedDataCache: Unable to find inner node Pak for hierarchical cache Hierarchy.
[2019.01.25-12.11.15:342][  0]LogDerivedDataCache: FDerivedDataBackendGraph:  CompressedPak pak cache file C:/Users/natha/Documents/GitHub/Twisted-Mario/TwistedMario/DerivedDataCache/Compressed.ddp not found, will not use a pak cache.
[2019.01.25-12.11.15:342][  0]LogDerivedDataCache: Unable to find inner node CompressedPak for hierarchical cache Hierarchy.
[2019.01.25-12.11.15:355][  0]LogDerivedDataCache: Display: Pak cache opened for reading ../../../Engine/DerivedDataCache/Compressed.ddp.
[2019.01.25-12.11.15:356][  0]LogDerivedDataCache: FDerivedDataBackendGraph:  EnterprisePak pak cache file ../../../Enterprise/DerivedDataCache/Compressed.ddp not found, will not use a pak cache.
[2019.01.25-12.11.15:356][  0]LogDerivedDataCache: Unable to find inner node EnterprisePak for hierarchical cache Hierarchy.
[2019.01.25-12.11.15:368][  0]LogDerivedDataCache: Using Local data cache path C:/Users/natha/AppData/Local/UnrealEngine/Common/DerivedDataCache: Writable
[2019.01.25-12.11.15:368][  0]LogDerivedDataCache: Shared data cache path not found in *engine.ini, will not use an Shared cache.
[2019.01.25-12.11.15:368][  0]LogDerivedDataCache: Unable to find inner node Shared for hierarchical cache Hierarchy.
[2019.01.25-12.11.15:398][  0]LogMaterial: Verifying Global Shaders for PCD3D_SM5
[2019.01.25-12.11.15:399][  0]LogSlate: Using FreeType 2.6.0
[2019.01.25-12.11.15:400][  0]LogSlate: SlateFontServices - WITH_FREETYPE: 1, WITH_HARFBUZZ: 1
[2019.01.25-12.11.15:490][  0]LogAssetRegistry: FAssetRegistry took 0.0328 seconds to start up
[2019.01.25-12.11.15:820][  0]LogInit: Selected Device Profile: [Windows]
[2019.01.25-12.11.15:967][  0]LogSimplygon: Simplygon DLL not present - disabling.
[2019.01.25-12.11.15:971][  0]LogMeshReduction: Using SimplygonSwarm for distributed automatic mesh merging
[2019.01.25-12.11.15:971][  0]LogMeshReduction: Using ProxyLODMeshReduction for automatic mesh merging
[2019.01.25-12.11.15:971][  0]LogMeshReduction: Using QuadricMeshReduction for automatic static mesh reduction
[2019.01.25-12.11.15:971][  0]LogMeshReduction: No automatic skeletal mesh reduction module available
[2019.01.25-12.11.15:992][  0]LogNetVersion: TwistedMario 1.0.0, NetCL: 4541578, EngineNetVer: 5, GameNetVer: 0 (Checksum: 1777631269)
[2019.01.25-12.11.16:560][  0]LogPackageLocalizationCache: Processed 11 localized package path(s) for 2 prioritized culture(s) in 0.108433 seconds
[2019.01.25-12.11.16:567][  0]LogUObjectArray: 39775 objects as part of root set at end of initial load.
[2019.01.25-12.11.16:567][  0]LogUObjectAllocator: 6914664 out of 0 bytes used by permanent object pool.
[2019.01.25-12.11.16:567][  0]LogUObjectArray: CloseDisregardForGC: 0/0 objects in disregard for GC pool
[2019.01.25-12.11.17:424][  0]LogTcpMessaging: Initializing TcpMessaging bridge
[2019.01.25-12.11.17:437][  0]LogUdpMessaging: Initializing bridge on interface 0.0.0.0:0 to multicast group 230.0.0.1:6666.
[2019.01.25-12.11.18:156][  0]SourceControl: Source control is disabled
[2019.01.25-12.11.18:156][  0]SourceControl: Source control is disabled
[2019.01.25-12.11.18:157][  0]SourceControl: Source control is disabled
[2019.01.25-12.11.18:158][  0]SourceControl: Source control is disabled
[2019.01.25-12.11.18:310][  0]LogAndroidPermission: UAndroidPermissionCallbackProxy::GetInstance
[2019.01.25-12.11.18:359][  0]LogOcInput: OculusInput pre-init called
[2019.01.25-12.11.18:492][  0]LogEngine: Initializing Engine...
[2019.01.25-12.11.18:493][  0]LogHMD: Failed to initialize OpenVR with code 110
[2019.01.25-12.11.18:494][  0]LogStats: UGameplayTagsManager::ConstructGameplayTagTree: ImportINI prefixes -  0.000 s
[2019.01.25-12.11.18:494][  0]LogStats: UGameplayTagsManager::ConstructGameplayTagTree: Construct from data asset -  0.000 s
[2019.01.25-12.11.18:494][  0]LogStats: UGameplayTagsManager::ConstructGameplayTagTree: ImportINI -  0.000 s
[2019.01.25-12.11.18:494][  0]LogStats: UGameplayTagsManager::ConstructGameplayTagTree: GameplayTagTreeChangedEvent.Broadcast -  0.000 s
[2019.01.25-12.11.18:748][  0]LogInit: Initializing FReadOnlyCVARCache
[2019.01.25-12.11.18:762][  0]LogAIModule: Creating AISystem for world Untitled
[2019.01.25-12.11.18:780][  0]LogInit: XAudio2 using 'Speakers (Realtek High Definition Audio)' : 2 channels at 48 kHz using 32 bits per sample (channel mask 0x3)
[2019.01.25-12.11.18:965][  0]LogInit: FAudioDevice initialized.
[2019.01.25-12.11.18:965][  0]LogNetVersion: Set ProjectVersion to 1.0.0.0. Version Checksum will be recalculated on next use.
[2019.01.25-12.11.19:038][  0]LogDerivedDataCache: Saved boot cache 0.07s 71MB C:/Users/natha/AppData/Local/UnrealEngine/4.21/DerivedDataCache/Boot.ddc.
[2019.01.25-12.11.19:043][  0]LogInit: Texture streaming: Enabled
[2019.01.25-12.11.19:055][  0]LogEngineSessionManager: EngineSessionManager initialized
[2019.01.25-12.11.19:068][  0]LogInit: Transaction tracking system initialized
[2019.01.25-12.11.19:087][  0]BlueprintLog: New page: Editor Load
[2019.01.25-12.11.19:151][  0]LocalizationService: Localization service is disabled
[2019.01.25-12.11.19:595][  0]LogFileCache: Scanning file cache for directory 'C:/Users/natha/Documents/GitHub/Twisted-Mario/TwistedMario/Content/' took 0.02s
[2019.01.25-12.11.19:595][  0]LogCook: Display: Max memory allowance for cook 16384mb min free memory 0mb
[2019.01.25-12.11.19:595][  0]LogCook: Display: Mobile HDR setting 1
[2019.01.25-12.11.19:595][  0]LogGameplayTags: Display: UGameplayTagsManager::DoneAddingNativeTags. DelegateIsBound: 0
[2019.01.25-12.11.19:596][  0]LogStats: UGameplayTagsManager::ConstructGameplayTagTree: ImportINI prefixes -  0.000 s
[2019.01.25-12.11.19:596][  0]LogStats: UGameplayTagsManager::ConstructGameplayTagTree: Construct from data asset -  0.000 s
[2019.01.25-12.11.19:596][  0]LogStats: UGameplayTagsManager::ConstructGameplayTagTree: ImportINI -  0.000 s
[2019.01.25-12.11.19:596][  0]LogStats: UGameplayTagsManager::ConstructGameplayTagTree: GameplayTagTreeChangedEvent.Broadcast -  0.000 s
[2019.01.25-12.11.19:700][  0]SourceControl: Source control is disabled
[2019.01.25-12.11.19:700][  0]Cmd: MAP LOAD FILE="../../../Engine/Content/Maps/Templates/Template_Default.umap" TEMPLATE=1 SHOWPROGRESS=1 FEATURELEVEL=3
[2019.01.25-12.11.19:700][  0]LightingResults: New page: Lighting Build
[2019.01.25-12.11.19:702][  0]MapCheck: New page: Map Check
[2019.01.25-12.11.19:702][  0]LightingResults: New page: Lighting Build
[2019.01.25-12.11.19:875][  0]LogAIModule: Creating AISystem for world Untitled_1
[2019.01.25-12.11.19:884][  0]LogEditorServer: Finished looking for orphan Actors (0.000 secs)
[2019.01.25-12.11.19:909][  0]Cmd: MAP CHECKDEP NOCLEARLOG
[2019.01.25-12.11.19:909][  0]MapCheck: Map check complete: 0 Error(s), 0 Warning(s), took 0.145ms to complete.
[2019.01.25-12.11.19:909][  0]LogFileHelpers: Loading map 'Template_Default' took 0.210
[2019.01.25-12.11.20:050][  0]LogSlate: Updating window title bar state: overlay mode, drag disabled, window buttons hidden, title bar hidden
[2019.01.25-12.11.20:057][  0]LogSlate: Updating window title bar state: overlay mode, drag disabled, window buttons hidden, title bar hidden
[2019.01.25-12.11.20:066][  0]LogSlate: Updating window title bar state: overlay mode, drag disabled, window buttons hidden, title bar hidden
[2019.01.25-12.11.20:074][  0]LogSlate: Updating window title bar state: overlay mode, drag disabled, window buttons hidden, title bar hidden
[2019.01.25-12.11.20:084][  0]LogCollectionManager: Loaded 0 collections in 0.000989 seconds
[2019.01.25-12.11.20:100][  0]LogFileCache: Scanning file cache for directory 'C:/Users/natha/Documents/GitHub/Twisted-Mario/TwistedMario/Saved/Collections/' took 0.01s
[2019.01.25-12.11.20:100][  0]LogFileCache: Scanning file cache for directory 'C:/Users/natha/Documents/GitHub/Twisted-Mario/TwistedMario/Content/Developers/natha/Collections/' took 0.00s
[2019.01.25-12.11.20:100][  0]LogFileCache: Scanning file cache for directory 'C:/Users/natha/Documents/GitHub/Twisted-Mario/TwistedMario/Content/Collections/' took 0.00s
[2019.01.25-12.11.20:100][  0]LogCollectionManager: Rebuilt the GUID cache for 0 collections in 0.000000 seconds
[2019.01.25-12.11.20:112][  0]LogContentBrowser: Native class hierarchy populated in 0.0115 seconds. Added 2651 classes and 620 folders.
[2019.01.25-12.11.20:117][  0]LogContentBrowser: Native class hierarchy updated for 'WidgetCarousel' in 0.0002 seconds. Added 0 classes and 0 folders.
[2019.01.25-12.11.20:133][  0]LogPakFile: Registered encryption key '00000000000000000000000000000000': 0 pak files mounted, 0 remain pending
[2019.01.25-12.11.20:149][  0]LogPakFile: Registered encryption key '00000000000000000000000000000000': 0 pak files mounted, 0 remain pending
[2019.01.25-12.11.20:189][  0]LogPakFile: Registered encryption key '00000000000000000000000000000000': 0 pak files mounted, 0 remain pending
[2019.01.25-12.11.20:200][  0]LogPakFile: Registered encryption key '00000000000000000000000000000000': 0 pak files mounted, 0 remain pending
[2019.01.25-12.11.20:209][  0]LogPakFile: Registered encryption key '00000000000000000000000000000000': 0 pak files mounted, 0 remain pending
[2019.01.25-12.11.20:218][  0]LogPakFile: Registered encryption key '00000000000000000000000000000000': 0 pak files mounted, 0 remain pending
[2019.01.25-12.11.20:226][  0]LogPakFile: Registered encryption key '00000000000000000000000000000000': 0 pak files mounted, 0 remain pending
[2019.01.25-12.11.20:235][  0]LogPakFile: Registered encryption key '00000000000000000000000000000000': 0 pak files mounted, 0 remain pending
[2019.01.25-12.11.20:244][  0]LogPakFile: Registered encryption key '00000000000000000000000000000000': 0 pak files mounted, 0 remain pending
[2019.01.25-12.11.20:252][  0]LogPakFile: Registered encryption key '00000000000000000000000000000000': 0 pak files mounted, 0 remain pending
[2019.01.25-12.11.20:260][  0]LogPakFile: Registered encryption key '00000000000000000000000000000000': 0 pak files mounted, 0 remain pending
[2019.01.25-12.11.20:268][  0]LogPakFile: Registered encryption key '00000000000000000000000000000000': 0 pak files mounted, 0 remain pending
[2019.01.25-12.11.20:277][  0]LogPakFile: Registered encryption key '00000000000000000000000000000000': 0 pak files mounted, 0 remain pending
[2019.01.25-12.11.20:285][  0]LogPakFile: Registered encryption key '00000000000000000000000000000000': 0 pak files mounted, 0 remain pending
[2019.01.25-12.11.20:292][  0]LogPakFile: Registered encryption key '00000000000000000000000000000000': 0 pak files mounted, 0 remain pending
[2019.01.25-12.11.20:301][  0]LogPakFile: Registered encryption key '00000000000000000000000000000000': 0 pak files mounted, 0 remain pending
[2019.01.25-12.11.20:365][  0]LogPakFile: Registered encryption key '00000000000000000000000000000000': 0 pak files mounted, 0 remain pending
[2019.01.25-12.11.20:373][  0]LogPakFile: Registered encryption key '00000000000000000000000000000000': 0 pak files mounted, 0 remain pending
[2019.01.25-12.11.20:380][  0]LogPakFile: Registered encryption key '00000000000000000000000000000000': 0 pak files mounted, 0 remain pending
[2019.01.25-12.11.20:389][  0]LogPakFile: Registered encryption key '00000000000000000000000000000000': 0 pak files mounted, 0 remain pending
[2019.01.25-12.11.20:451][  0]LogPakFile: Registered encryption key '00000000000000000000000000000000': 0 pak files mounted, 0 remain pending
[2019.01.25-12.11.20:457][  0]LogPakFile: Registered encryption key '00000000000000000000000000000000': 0 pak files mounted, 0 remain pending
[2019.01.25-12.11.20:464][  0]LogPakFile: Registered encryption key '00000000000000000000000000000000': 0 pak files mounted, 0 remain pending
[2019.01.25-12.11.20:472][  0]LogPakFile: Registered encryption key '00000000000000000000000000000000': 0 pak files mounted, 0 remain pending
[2019.01.25-12.11.20:480][  0]LogPakFile: Registered encryption key '00000000000000000000000000000000': 0 pak files mounted, 0 remain pending
[2019.01.25-12.11.20:486][  0]LogPakFile: Registered encryption key '00000000000000000000000000000000': 0 pak files mounted, 0 remain pending
[2019.01.25-12.11.20:935][  0]LogContentBrowser: Native class hierarchy updated for 'AddContentDialog' in 0.0003 seconds. Added 0 classes and 0 folders.
[2019.01.25-12.11.20:986][  0]LogContentBrowser: Native class hierarchy updated for 'SceneOutliner' in 0.0002 seconds. Added 1 classes and 2 folders.
[2019.01.25-12.11.21:008][  0]LogSlate: Took 0.000237 seconds to synchronously load lazily loaded font '../../../Engine/Content/Slate/Fonts/Roboto-Regular.ttf' (155K)
[2019.01.25-12.11.21:013][  0]LogSlate: Took 0.000289 seconds to synchronously load lazily loaded font '../../../Engine/Content/Slate/Fonts/Roboto-Bold.ttf' (160K)
[2019.01.25-12.11.21:033][  0]LogSlate: Took 0.013848 seconds to synchronously load lazily loaded font '../../../Engine/Content/Editor/Slate/Fonts/FontAwesome.ttf' (139K)
[2019.01.25-12.11.21:258][  0]LogRenderer: Reallocating scene render targets to support 1208x576 Format 10 NumSamples 1 (Frame:1).
[2019.01.25-12.11.21:432][  0]LogContentBrowser: Native class hierarchy updated for 'HierarchicalLODOutliner' in 0.0002 seconds. Added 0 classes and 0 folders.
[2019.01.25-12.11.21:432][  0]LogLoad: (Engine Initialization) Total time: 10.03 seconds
[2019.01.25-12.11.21:432][  0]LogLoad: (Engine Initialization) Total Blueprint compile time: 0.00 seconds
[2019.01.25-12.11.21:452][  0]LogWindowsTextInputMethodSystem: Display: IME system now deactivated.
[2019.01.25-12.11.21:500][  0]LogContentStreaming: Texture pool size now 1000 MB
[2019.01.25-12.11.21:560][  0]LogSlate: Took 0.016300 seconds to synchronously load lazily loaded font '../../../Engine/Content/Slate/Fonts/Roboto-Light.ttf' (167K)
[2019.01.25-12.11.21:711][  2]LogAssetRegistry: Asset discovery search completed in 6.2437 seconds
[2019.01.25-12.11.21:714][  2]LogCollectionManager: Rebuilt the object cache for 0 collections in 0.000000 seconds (found 0 objects)
[2019.01.25-12.11.21:714][  2]LogCollectionManager: Fixed up redirectors for 0 collections in 0.000076 seconds (updated 0 objects)
[2019.01.25-12.11.25:124][206]LogSlate: FSceneViewport::OnFocusLost() reason 0
[2019.01.25-12.11.27:775][357]LogSlate: Took 0.000188 seconds to synchronously load lazily loaded font '../../../Engine/Content/Slate/Fonts/Roboto-Light.ttf' (167K)
[2019.01.25-12.11.27:781][357]LogAssetEditorManager: Opening Asset editor for MapBuildDataRegistry /Game/Island/Batres_Kellycelina/Levels/IslandRacing_Final_01_BuiltData.IslandRacing_Final_01_BuiltData
[2019.01.25-12.11.37:122][916]LogSlate: Window 'IslandRacing_Final_01_BuiltData - Generic Asset Editor' being destroyed
[2019.01.25-12.11.37:126][916]LogSlate: Window 'IslandRacing_Final_01_BuiltData - Generic Asset Editor' being destroyed
[2019.01.25-12.11.40:152][ 97]LogAssetEditorManager: Opening Asset editor for MapBuildDataRegistry /Game/Island/Batres_Kellycelina/Levels/IslandRacing_Final_01_BuiltData.IslandRacing_Final_01_BuiltData
[2019.01.25-12.11.46:272][463]LogSlate: Window 'IslandRacing_Final_01_BuiltData - Generic Asset Editor' being destroyed
[2019.01.25-12.11.46:278][463]LogSlate: Window 'IslandRacing_Final_01_BuiltData - Generic Asset Editor' being destroyed
[2019.01.25-12.12.02:694][447]LogAssetEditorManager: Opening Asset editor for MapBuildDataRegistry /Game/Island/Batres_Kellycelina/Levels/IslandRacing_Final_01_BuiltData.IslandRacing_Final_01_BuiltData
[2019.01.25-12.12.05:915][639]LogSlate: Window 'IslandRacing_Final_01_BuiltData - Generic Asset Editor' being destroyed
[2019.01.25-12.12.05:920][639]LogSlate: Window 'IslandRacing_Final_01_BuiltData - Generic Asset Editor' being destroyed
[2019.01.25-12.12.12:047][  6]LogAssetEditorManager: Opening Asset editor for MapBuildDataRegistry /Game/Island/Batres_Kellycelina/Levels/IslandRacing_Final_01_BuiltData.IslandRacing_Final_01_BuiltData
[2019.01.25-12.12.31:553][937]LogSavePackage: Moving 'C:/Users/natha/Documents/GitHub/Twisted-Mario/TwistedMario/Saved/IslandRacing_Final_01_BuiltDataC4CC524B441CB2E90EAF919AE170D5D9.tmp' to 'C:/Users/natha/Documents/GitHub/Twisted-Mario/TwistedMario/Content/Island/Batres_Kellycelina/Levels/IslandRacing_Final_01_BuiltData.uasset'
[2019.01.25-12.12.33:077][ 28]LogSlate: Window 'IslandRacing_Final_01_BuiltData - Generic Asset Editor' being destroyed
[2019.01.25-12.12.33:084][ 28]LogSlate: Window 'IslandRacing_Final_01_BuiltData - Generic Asset Editor' being destroyed
[2019.01.25-12.12.38:379][345]LogAssetEditorManager: Opening Asset editor for MapBuildDataRegistry /Game/Island/Batres_Kellycelina/Levels/IslandRacing_Final_01_BuiltData.IslandRacing_Final_01_BuiltData
[2019.01.25-12.12.41:136][509]LogSlate: Window 'IslandRacing_Final_01_BuiltData - Generic Asset Editor' being destroyed
[2019.01.25-12.12.41:143][509]LogSlate: Window 'IslandRacing_Final_01_BuiltData - Generic Asset Editor' being destroyed
[2019.01.25-12.14.48:219][277]LogBlueprint: Warning: [Compiler Player] InputAction Event references unknown Action 'Jump' for  InputAction Jump
[2019.01.25-12.14.48:220][277]LogBlueprint: Warning: [Compiler Player] InputAction Event references unknown Action 'Crouch' for  InputAction Crouch
[2019.01.25-12.14.48:220][277]LogBlueprint: Warning: [Compiler Player] Input Axis Event references unknown Axis 'UpDown' for  InputAxis UpDown
[2019.01.25-12.14.48:220][277]LogBlueprint: Warning: [Compiler Player] Input Axis Event references unknown Axis 'Turn' for  InputAxis Turn
[2019.01.25-12.14.48:220][277]LogBlueprint: Warning: [Compiler Player] Input Axis Event references unknown Axis 'SideToSide' for  InputAxis SideToSide
[2019.01.25-12.14.48:220][277]LogBlueprint: Warning: [Compiler Player] Input Axis Event references unknown Axis 'FrontBack' for  InputAxis FrontBack
[2019.01.25-12.14.48:223][277]LogBlueprint: Warning: [Compiler Player] [0216.82] Compile of Player successful, but with 6 Warning(s) [in 8 ms] (/Game/Island/Batres_Kellycelina/Blueprints/Player.Player)
[2019.01.25-12.14.49:914][277]LogMaterial: Display: Missing cached shader map for material Dirt_MAT, compiling. 
[2019.01.25-12.14.49:915][277]LogMaterial: Warning: C:\Users\natha\Documents\GitHub\Twisted-Mario\TwistedMario\Content\Island\Batres_Kellycelina\Materials\Dirt_MAT.uasset: Failed to compile Material for platform PCD3D_SM5, Default Material will be used in game.
[2019.01.25-12.14.49:915][277]LogMaterial: 	(Node TextureSample) TextureSample> Sampler type is Color, should be Linear Color for /Game/Island/Batres_Kellycelina/Textures/Dirt_Texture.Dirt_Texture
[2019.01.25-12.14.49:967][277]LogAIModule: Creating AISystem for world IslandRacing_Final_01
[2019.01.25-12.14.50:017][277]LogAssetEditorManager: Opening Asset editor for World /Game/Island/Batres_Kellycelina/Levels/IslandRacing_Final_01.IslandRacing_Final_01
[2019.01.25-12.14.50:063][277]Cmd: MAP LOAD FILE="C:/Users/natha/Documents/GitHub/Twisted-Mario/TwistedMario/Content/Island/Batres_Kellycelina/Levels/IslandRacing_Final_01.umap" TEMPLATE=0 SHOWPROGRESS=1 FEATURELEVEL=3
[2019.01.25-12.14.50:063][277]LightingResults: New page: Lighting Build
[2019.01.25-12.14.50:064][277]LoadErrors: New page: Loading map: IslandRacing_Final_01.umap
[2019.01.25-12.14.50:065][277]MapCheck: New page: Map Check
[2019.01.25-12.14.50:065][277]LightingResults: New page: Lighting Build
[2019.01.25-12.14.50:169][277]LogEditorServer: Finished looking for orphan Actors (0.000 secs)
[2019.01.25-12.14.50:231][277]Cmd: MAP CHECKDEP NOCLEARLOG
[2019.01.25-12.14.50:233][277]MapCheck: Map check complete: 0 Error(s), 0 Warning(s), took 2.158ms to complete.
[2019.01.25-12.14.50:233][277]LogFileHelpers: Loading map 'IslandRacing_Final_01' took 0.172
[2019.01.25-12.15.07:702][766]LogSlate: Window 'Delete Assets' being destroyed
[2019.01.25-12.15.43:213][633]LogSavePackage: Moving 'C:/Users/natha/Documents/GitHub/Twisted-Mario/TwistedMario/Saved/IslandRacing_Final_01FA3E037B48B6E581E84933AAFFE69848.tmp' to 'C:/Users/natha/Documents/GitHub/Twisted-Mario/TwistedMario/Content/Island/Batres_Kellycelina/Levels/IslandRacing_Final_01.umap'
[2019.01.25-12.16.50:843][685]LogEditorViewport: Clicking on Actor (LMB): BP_Sky_Sphere_C (BP_Sky_Sphere5)
[2019.01.25-12.16.53:454][816]LogSlate: FSceneViewport::OnFocusLost() reason 0
[2019.01.25-12.16.55:743][821]LogSavePackage: Moving 'C:/Users/natha/Documents/GitHub/Twisted-Mario/TwistedMario/Saved/IslandRacing_Final_0177B1C2E24A85A8911ED9B8B21C6C5D8D.tmp' to 'C:/Users/natha/Documents/GitHub/Twisted-Mario/TwistedMario/Content/Island/Batres_Kellycelina/Levels/IslandRacing_Final_01.umap'
